RUN	computerdatabase.ComputerDatabaseSimulation	computerdatabasesimulation	1699380080130	 	3.9.0
USER	Admins	START	1699380080750
USER	Users	START	1699380080750
REQUEST		Home	1699380080743	1699380081407	OK	 
REQUEST		Home	1699380080743	1699380081435	OK	 
REQUEST		Home Redirect 1	1699380081412	1699380081557	OK	 
REQUEST		Home Redirect 1	1699380081435	1699380081573	OK	 
USER	Users	START	1699380081727
REQUEST		Home	1699380081726	1699380082196	OK	 
REQUEST		Home Redirect 1	1699380082196	1699380082339	OK	 
USER	Users	START	1699380082723
REQUEST		Search	1699380082583	1699380082711	OK	 
REQUEST		Search	1699380082570	1699380082704	OK	 
REQUEST		Home	1699380082723	1699380083126	OK	 
REQUEST		Home Redirect 1	1699380083126	1699380083268	OK	 
REQUEST		Search	1699380083342	1699380083480	OK	 
USER	Users	START	1699380083718
REQUEST		Select	1699380083777	1699380083904	OK	 
REQUEST		Select	1699380083777	1699380083904	OK	 
REQUEST		Home	1699380083717	1699380084188	OK	 
REQUEST		Home Redirect 1	1699380084189	1699380084370	OK	 
REQUEST		Search	1699380084271	1699380084416	OK	 
REQUEST		Select	1699380084490	1699380084633	OK	 
USER	Users	START	1699380084740
REQUEST		Page 0	1699380084927	1699380085064	OK	 
REQUEST		Page 0	1699380084928	1699380085065	OK	 
REQUEST		Home	1699380084740	1699380085164	OK	 
REQUEST		Home Redirect 1	1699380085165	1699380085299	OK	 
REQUEST		Search	1699380085375	1699380085524	OK	 
REQUEST		Select	1699380085420	1699380085550	OK	 
USER	Admins	START	1699380085732
USER	Users	START	1699380085732
REQUEST		Page 0	1699380085639	1699380085827	OK	 
REQUEST		Home	1699380085732	1699380086147	OK	 
REQUEST		Page 1	1699380086073	1699380086211	OK	 
REQUEST		Home Redirect 1	1699380086148	1699380086285	OK	 
REQUEST		Page 1	1699380086073	1699380086378	OK	 
REQUEST		Home	1699380085732	1699380086445	OK	 
REQUEST		Search	1699380086305	1699380086450	OK	 
REQUEST		Home Redirect 1	1699380086450	1699380086581	OK	 
REQUEST		Select	1699380086533	1699380086668	OK	 
USER	Users	START	1699380086722
REQUEST		Page 0	1699380086564	1699380086896	OK	 
REQUEST		Page 1	1699380086829	1699380086982	OK	 
REQUEST		Home	1699380086721	1699380087115	OK	 
REQUEST		Home Redirect 1	1699380087116	1699380087252	OK	 
REQUEST		Page 2	1699380087219	1699380087362	OK	 
REQUEST		Search	1699380087297	1699380087441	OK	 
REQUEST		Page 2	1699380087391	1699380087520	OK	 
REQUEST		Select	1699380087453	1699380087593	OK	 
USER	Users	START	1699380087721
REQUEST		Search	1699380087593	1699380087728	OK	 
REQUEST		Page 0	1699380087672	1699380087806	OK	 
REQUEST		Page 1	1699380087904	1699380088037	OK	 
REQUEST		Home	1699380087720	1699380088190	OK	 
REQUEST		Page 2	1699380087997	1699380088208	OK	 
REQUEST		Home Redirect 1	1699380088190	1699380088319	OK	 
REQUEST		Search	1699380088263	1699380088394	OK	 
REQUEST		Page 3	1699380088370	1699380088498	OK	 
REQUEST		Select	1699380088447	1699380088585	OK	 
REQUEST		Page 3	1699380088524	1699380088651	OK	 
USER	Users	START	1699380088726
REQUEST		Page 0	1699380088601	1699380088728	OK	 
REQUEST		Select	1699380088740	1699380088872	OK	 
REQUEST		Page 1	1699380088818	1699380088955	OK	 
REQUEST		Home	1699380088725	1699380089133	OK	 
REQUEST		Home Redirect 1	1699380089133	1699380089272	OK	 
REQUEST		Page 3	1699380089220	1699380089357	OK	 
REQUEST		Page 2	1699380089051	1699380089370	OK	 
REQUEST		Search	1699380089328	1699380089458	OK	 
USER	Users	END	1699380089515
REQUEST		Select	1699380089404	1699380089544	OK	 
REQUEST		Page 0	1699380089591	1699380089725	OK	 
USER	Users	START	1699380089734
REQUEST		Form	1699380089653	1699380089793	OK	 
REQUEST		Page 1	1699380089744	1699380089941	OK	 
REQUEST		Page 0	1699380089886	1699380090035	OK	 
REQUEST		Page 2	1699380089963	1699380090100	OK	 
REQUEST		Home	1699380089734	1699380090215	OK	 
REQUEST		Home Redirect 1	1699380090215	1699380090348	OK	 
USER	Users	END	1699380090368
REQUEST		Search	1699380090276	1699380090410	OK	 
REQUEST		Page 3	1699380090383	1699380090519	OK	 
REQUEST		Select	1699380090460	1699380090594	OK	 
REQUEST		Page 0	1699380090553	1699380090693	OK	 
REQUEST		Page 1	1699380090739	1699380091058	OK	 
REQUEST		Page 2	1699380090943	1699380091098	OK	 
REQUEST		Page 1	1699380091051	1699380091200	OK	 
REQUEST		Page 3	1699380091112	1699380091293	OK	 
REQUEST		Post	1699380090803	1699380091329	OK	 
REQUEST		Post Redirect 1	1699380091343	1699380091485	OK	 
USER	Admins	END	1699380091487
REQUEST		Search	1699380091361	1699380091491	OK	 
USER	Users	END	1699380091533
REQUEST		Select	1699380091423	1699380091738	OK	 
REQUEST		Page 0	1699380091610	1699380091746	OK	 
REQUEST		Page 1	1699380091702	1699380091844	OK	 
REQUEST		Page 2	1699380092075	1699380092207	OK	 
USER	Users	END	1699380092307
REQUEST		Page 2	1699380092214	1699380092355	OK	 
REQUEST		Page 3	1699380092106	1699380092437	OK	 
REQUEST		Select	1699380092492	1699380092623	OK	 
REQUEST		Page 0	1699380092743	1699380092878	OK	 
REQUEST		Page 1	1699380092758	1699380092885	OK	 
REQUEST		Page 2	1699380092852	1699380092994	OK	 
REQUEST		Page 3	1699380093224	1699380093363	OK	 
USER	Users	END	1699380093440
REQUEST		Page 3	1699380093362	1699380093512	OK	 
REQUEST		Page 0	1699380093625	1699380093756	OK	 
REQUEST		Page 2	1699380093889	1699380094042	OK	 
REQUEST		Page 1	1699380093889	1699380094045	OK	 
REQUEST		Page 3	1699380093997	1699380094127	OK	 
USER	Users	END	1699380094368
REQUEST		Form	1699380094522	1699380094653	OK	 
REQUEST		Page 1	1699380094770	1699380094899	OK	 
USER	Users	END	1699380095143
REQUEST		Page 3	1699380095048	1699380095178	OK	 
REQUEST		Page 2	1699380095048	1699380095182	OK	 
REQUEST		Post	1699380095669	1699380095875	OK	 
REQUEST		Post Redirect 1	1699380095876	1699380096010	KO	status.find.is(201), but actually found 200
REQUEST		Page 2	1699380095903	1699380096040	OK	 
REQUEST		Form	1699380096015	1699380096151	OK	 
USER	Users	END	1699380096182
REQUEST		Page 3	1699380096197	1699380096331	OK	 
REQUEST		Page 3	1699380097051	1699380097182	OK	 
USER	Users	END	1699380097345
REQUEST		Post	1699380097160	1699380098039	OK	 
USER	Users	END	1699380098183
REQUEST		Post Redirect 1	1699380098040	1699380098300	KO	status.find.is(201), but actually found 200
USER	Admins	END	1699380098303
