RUN	computerdatabase.ComputerDatabaseSimulation	computerdatabasesimulation	1699448636105	 	3.9.0
USER	Users	START	1699448637105
USER	Admins	START	1699448637105
USER	Users	START	1699448638094
REQUEST		Home	1699448637097	1699448638536	OK	 
REQUEST		Home	1699448638092	1699448638536	OK	 
REQUEST		Home	1699448637097	1699448638586	OK	 
REQUEST		Home Redirect 1	1699448638545	1699448638700	OK	 
REQUEST		Home Redirect 1	1699448638545	1699448638700	OK	 
REQUEST		Home Redirect 1	1699448638586	1699448638738	OK	 
USER	Users	START	1699448639081
REQUEST		Home	1699448639080	1699448639528	OK	 
REQUEST		Home Redirect 1	1699448639528	1699448639747	OK	 
REQUEST		Search	1699448639721	1699448639923	OK	 
REQUEST		Search	1699448639747	1699448639923	OK	 
REQUEST		Search	1699448639721	1699448639923	OK	 
USER	Users	START	1699448640091
REQUEST		Home	1699448640090	1699448640774	OK	 
REQUEST		Search	1699448640761	1699448640931	OK	 
REQUEST		Home Redirect 1	1699448640775	1699448640952	OK	 
USER	Users	START	1699448641092
REQUEST		Select	1699448641011	1699448641163	OK	 
REQUEST		Select	1699448641011	1699448641347	OK	 
REQUEST		Select	1699448641011	1699448641350	OK	 
REQUEST		Home	1699448641089	1699448641521	OK	 
REQUEST		Home Redirect 1	1699448641521	1699448641669	OK	 
USER	Users	START	1699448642078
USER	Admins	START	1699448642078
REQUEST		Select	1699448641942	1699448642085	OK	 
REQUEST		Search	1699448641959	1699448642098	OK	 
REQUEST		Page 0	1699448642172	1699448642325	OK	 
REQUEST		Page 0	1699448642354	1699448642501	OK	 
REQUEST		Page 0	1699448642354	1699448642501	OK	 
REQUEST		Home	1699448642077	1699448642550	OK	 
REQUEST		Home	1699448642076	1699448642550	OK	 
REQUEST		Home Redirect 1	1699448642551	1699448642825	OK	 
REQUEST		Home Redirect 1	1699448642551	1699448642825	OK	 
REQUEST		Search	1699448642680	1699448642937	OK	 
USER	Users	START	1699448643082
REQUEST		Select	1699448643115	1699448643291	OK	 
REQUEST		Page 0	1699448643100	1699448643445	OK	 
REQUEST		Page 1	1699448643332	1699448643508	OK	 
REQUEST		Home	1699448643082	1699448643618	OK	 
REQUEST		Page 1	1699448643502	1699448643669	OK	 
REQUEST		Page 1	1699448643502	1699448643669	OK	 
REQUEST		Search	1699448643842	1699448644000	OK	 
REQUEST		Search	1699448643842	1699448644000	OK	 
REQUEST		Home Redirect 1	1699448643618	1699448644032	OK	 
USER	Users	START	1699448644074
REQUEST		Select	1699448643948	1699448644115	OK	 
REQUEST		Page 0	1699448644307	1699448644461	OK	 
REQUEST		Home	1699448644073	1699448644514	OK	 
REQUEST		Page 1	1699448644447	1699448644591	OK	 
REQUEST		Page 2	1699448644510	1699448644651	OK	 
REQUEST		Home Redirect 1	1699448644514	1699448644660	OK	 
REQUEST		Page 2	1699448644680	1699448644840	OK	 
REQUEST		Page 2	1699448644680	1699448644840	OK	 
USER	Users	START	1699448645086
REQUEST		Select	1699448645007	1699448645154	OK	 
REQUEST		Search	1699448645039	1699448645182	OK	 
REQUEST		Page 0	1699448645132	1699448645274	OK	 
REQUEST		Select	1699448645007	1699448645900	OK	 
REQUEST		Page 3	1699448645655	1699448645900	OK	 
REQUEST		Page 2	1699448645601	1699448645900	OK	 
REQUEST		Search	1699448645671	1699448645900	OK	 
REQUEST		Page 3	1699448645855	1699448646002	OK	 
REQUEST		Page 3	1699448645855	1699448646002	OK	 
REQUEST		Home	1699448645085	1699448646042	OK	 
USER	Users	START	1699448646074
REQUEST		Home Redirect 1	1699448646043	1699448646187	OK	 
REQUEST		Page 0	1699448646165	1699448646308	OK	 
REQUEST		Select	1699448646196	1699448646368	OK	 
REQUEST		Page 1	1699448645477	1699448646390	OK	 
REQUEST		Home	1699448646073	1699448646509	OK	 
REQUEST		Home Redirect 1	1699448646510	1699448646654	OK	 
USER	Users	END	1699448646922
USER	Users	END	1699448647011
REQUEST		Page 1	1699448646289	1699448647049	OK	 
REQUEST		Page 3	1699448646916	1699448647149	OK	 
REQUEST		Select	1699448646916	1699448647149	OK	 
REQUEST		Form	1699448647011	1699448647155	OK	 
REQUEST		Page 0	1699448646916	1699448647287	OK	 
REQUEST		Search	1699448647197	1699448647353	OK	 
REQUEST		Page 0	1699448647383	1699448647659	OK	 
REQUEST		Page 2	1699448647399	1699448647873	OK	 
REQUEST		Page 1	1699448647321	1699448647873	OK	 
REQUEST		Search	1699448647664	1699448647873	OK	 
USER	Users	END	1699448648161
REQUEST		Page 2	1699448648051	1699448648187	OK	 
REQUEST		Page 0	1699448648160	1699448648313	OK	 
REQUEST		Post	1699448648166	1699448648312	OK	 
REQUEST		Page 1	1699448648299	1699448648447	OK	 
REQUEST		Select	1699448648362	1699448648600	OK	 
REQUEST		Post Redirect 1	1699448648319	1699448648737	OK	 
USER	Admins	END	1699448648742
REQUEST		Page 1	1699448648674	1699448648825	OK	 
REQUEST		Select	1699448648890	1699448649032	OK	 
REQUEST		Page 2	1699448648890	1699448649034	OK	 
REQUEST		Page 3	1699448649201	1699448649342	OK	 
REQUEST		Page 1	1699448649322	1699448649464	OK	 
REQUEST		Page 2	1699448649461	1699448649621	OK	 
REQUEST		Page 0	1699448649602	1699448649758	OK	 
REQUEST		Page 3	1699448648890	1699448649784	OK	 
REQUEST		Page 2	1699448649834	1699448649983	OK	 
REQUEST		Page 0	1699448650036	1699448650181	OK	 
USER	Users	END	1699448650345
REQUEST		Page 2	1699448650470	1699448650615	OK	 
USER	Users	END	1699448650793
REQUEST		Page 3	1699448650629	1699448650793	OK	 
REQUEST		Page 3	1699448650036	1699448651104	OK	 
REQUEST		Page 1	1699448650761	1699448651104	OK	 
REQUEST		Page 3	1699448650994	1699448651142	OK	 
REQUEST		Page 1	1699448651197	1699448651347	OK	 
REQUEST		Page 3	1699448651619	1699448651763	OK	 
USER	Users	END	1699448651802
USER	Users	END	1699448652158
REQUEST		Form	1699448652111	1699448652256	OK	 
REQUEST		Page 2	1699448652111	1699448652256	OK	 
REQUEST		Page 2	1699448652357	1699448652508	OK	 
USER	Users	END	1699448652789
REQUEST		Post	1699448653270	1699448653582	OK	 
REQUEST		Page 3	1699448653270	1699448653583	OK	 
REQUEST		Page 3	1699448653514	1699448653676	OK	 
REQUEST		Post Redirect 1	1699448653583	1699448653749	OK	 
USER	Admins	END	1699448653751
USER	Users	END	1699448654597
USER	Users	END	1699448654690
