RUN	computerdatabase.ComputerDatabaseSimulation	computerdatabasesimulation	1699451710447	 	3.9.0
USER	Admins	START	1699451712003
USER	Users	START	1699451712003
USER	Users	START	1699451712806
REQUEST		Home	1699451711824	1699451713089	OK	 
REQUEST		Home	1699451712805	1699451713219	OK	 
REQUEST		Home Redirect 1	1699451713220	1699451713597	OK	 
REQUEST		Home Redirect 1	1699451713094	1699451713597	OK	 
USER	Users	START	1699451713816
REQUEST		Home	1699451711824	1699451714239	OK	 
REQUEST		Home Redirect 1	1699451714240	1699451714390	OK	 
USER	Users	START	1699451714805
REQUEST		Search	1699451714623	1699451714777	OK	 
REQUEST		Search	1699451714623	1699451714786	OK	 
REQUEST		Home	1699451713816	1699451715418	OK	 
REQUEST		Home	1699451714805	1699451715543	OK	 
REQUEST		Search	1699451715399	1699451715544	OK	 
USER	Users	START	1699451715801
REQUEST		Home Redirect 1	1699451715544	1699451715802	OK	 
REQUEST		Home Redirect 1	1699451715418	1699451715976	OK	 
REQUEST		Select	1699451715847	1699451716010	OK	 
REQUEST		Select	1699451715847	1699451716010	OK	 
REQUEST		Home	1699451715800	1699451716578	OK	 
REQUEST		Select	1699451716556	1699451716700	OK	 
REQUEST		Home Redirect 1	1699451716579	1699451716732	OK	 
USER	Admins	START	1699451716807
USER	Users	START	1699451716809
REQUEST		Search	1699451716807	1699451716958	OK	 
REQUEST		Home	1699451716807	1699451717414	OK	 
REQUEST		Home	1699451716806	1699451717414	OK	 
REQUEST		Search	1699451716980	1699451717414	OK	 
REQUEST		Home Redirect 1	1699451717415	1699451717559	OK	 
REQUEST		Home Redirect 1	1699451717415	1699451717562	OK	 
REQUEST		Page 0	1699451717030	1699451717602	OK	 
USER	Users	START	1699451717805
REQUEST		Page 0	1699451717030	1699451717807	OK	 
REQUEST		Page 0	1699451717711	1699451717855	OK	 
REQUEST		Search	1699451717742	1699451717891	OK	 
REQUEST		Select	1699451717976	1699451718125	OK	 
REQUEST		Select	1699451718430	1699451718576	OK	 
USER	Users	START	1699451718816
REQUEST		Page 1	1699451718609	1699451718956	OK	 
REQUEST		Page 1	1699451718824	1699451718988	OK	 
REQUEST		Page 1	1699451718869	1699451719020	OK	 
REQUEST		Home	1699451717804	1699451719349	OK	 
REQUEST		Select	1699451718900	1699451719559	OK	 
REQUEST		Home Redirect 1	1699451719350	1699451719560	OK	 
REQUEST		Search	1699451718562	1699451719559	OK	 
REQUEST		Home	1699451718814	1699451719713	OK	 
REQUEST		Search	1699451718578	1699451719739	OK	 
USER	Users	START	1699451719804
REQUEST		Page 0	1699451719585	1699451720079	OK	 
REQUEST		Page 2	1699451719958	1699451720111	OK	 
REQUEST		Page 2	1699451720002	1699451720146	OK	 
REQUEST		Page 2	1699451720034	1699451720182	OK	 
REQUEST		Page 0	1699451719135	1699451720502	OK	 
REQUEST		Home	1699451719803	1699451720679	OK	 
REQUEST		Select	1699451720573	1699451720727	OK	 
USER	Users	START	1699451720805
REQUEST		Page 0	1699451720573	1699451720960	OK	 
REQUEST		Home Redirect 1	1699451719713	1699451720961	OK	 
REQUEST		Home Redirect 1	1699451720679	1699451720964	OK	 
REQUEST		Select	1699451720741	1699451721098	OK	 
REQUEST		Search	1699451720573	1699451721145	OK	 
REQUEST		Home	1699451720804	1699451721245	OK	 
REQUEST		Page 3	1699451721118	1699451721261	OK	 
REQUEST		Page 1	1699451721088	1699451721583	OK	 
REQUEST		Page 3	1699451721196	1699451721584	OK	 
REQUEST		Home Redirect 1	1699451721245	1699451721587	OK	 
REQUEST		Page 3	1699451721150	1699451721750	OK	 
REQUEST		Page 1	1699451721507	1699451721809	OK	 
REQUEST		Page 0	1699451721741	1699451721894	OK	 
REQUEST		Search	1699451721974	1699451722323	OK	 
USER	Users	END	1699451722602
REQUEST		Page 0	1699451722102	1699451722624	OK	 
REQUEST		Search	1699451721974	1699451722624	OK	 
USER	Users	END	1699451722757
REQUEST		Select	1699451722149	1699451723050	OK	 
REQUEST		Search	1699451722601	1699451723381	OK	 
REQUEST		Form	1699451722274	1699451723396	OK	 
REQUEST		Page 2	1699451722586	1699451723682	OK	 
REQUEST		Select	1699451723327	1699451723682	OK	 
REQUEST		Page 1	1699451722909	1699451723813	OK	 
REQUEST		Page 1	1699451721973	1699451723868	OK	 
REQUEST		Page 2	1699451722817	1699451723963	OK	 
REQUEST		Page 1	1699451723639	1699451724007	OK	 
REQUEST		Page 0	1699451724057	1699451724546	OK	 
REQUEST		Post	1699451724404	1699451724548	OK	 
REQUEST		Post Redirect 1	1699451724557	1699451724864	OK	 
USER	Admins	END	1699451724867
REQUEST		Select	1699451723639	1699451725180	OK	 
REQUEST		Page 2	1699451725018	1699451725331	OK	 
REQUEST		Select	1699451724399	1699451725331	OK	 
REQUEST		Page 3	1699451724971	1699451725331	OK	 
REQUEST		Page 3	1699451724695	1699451725539	OK	 
REQUEST		Page 2	1699451724879	1699451725824	OK	 
REQUEST		Page 2	1699451724818	1699451725868	OK	 
REQUEST		Page 1	1699451725562	1699451725887	OK	 
REQUEST		Page 0	1699451724695	1699451726270	OK	 
USER	Users	END	1699451726338
REQUEST		Page 3	1699451726338	1699451726481	OK	 
USER	Users	END	1699451726554
REQUEST		Page 2	1699451726894	1699451727037	OK	 
REQUEST		Page 0	1699451726183	1699451727045	OK	 
REQUEST		Page 3	1699451726878	1699451727217	OK	 
REQUEST		Page 0	1699451726338	1699451727254	OK	 
REQUEST		Page 3	1699451726833	1699451727297	OK	 
USER	Users	END	1699451727486
REQUEST		Page 1	1699451727283	1699451727584	OK	 
REQUEST		Page 3	1699451728049	1699451728202	OK	 
USER	Users	END	1699451728314
REQUEST		Page 1	1699451728049	1699451728388	OK	 
REQUEST		Page 1	1699451728267	1699451728448	OK	 
REQUEST		Form	1699451728220	1699451728506	OK	 
REQUEST		Page 2	1699451728591	1699451728736	OK	 
USER	Users	END	1699451729211
REQUEST		Page 2	1699451729457	1699451729604	OK	 
REQUEST		Post	1699451729518	1699451729662	OK	 
REQUEST		Page 2	1699451729395	1699451729676	OK	 
REQUEST		Page 3	1699451729739	1699451729890	OK	 
REQUEST		Post Redirect 1	1699451729663	1699451729947	KO	status.find.is(201), but actually found 200
REQUEST		Form	1699451729955	1699451730109	OK	 
REQUEST		Page 3	1699451730605	1699451730762	OK	 
USER	Users	END	1699451730902
REQUEST		Page 3	1699451730683	1699451731016	OK	 
REQUEST		Post	1699451731118	1699451731267	OK	 
REQUEST		Post Redirect 1	1699451731268	1699451731412	KO	status.find.is(201), but actually found 200
USER	Admins	END	1699451731415
USER	Users	END	1699451731771
USER	Users	END	1699451732020
