RUN	computerdatabase.ComputerDatabaseSimulation	computerdatabasesimulation	1699431469454	 	3.9.0
USER	Users	START	1699431470216
USER	Admins	START	1699431470216
REQUEST		Home	1699431470208	1699431470701	OK	 
REQUEST		Home	1699431470208	1699431470701	OK	 
USER	Users	START	1699431471194
REQUEST		Home Redirect 1	1699431470711	1699431471223	OK	 
REQUEST		Home Redirect 1	1699431470711	1699431471580	OK	 
REQUEST		Home	1699431471193	1699431471632	OK	 
REQUEST		Home Redirect 1	1699431471632	1699431471772	OK	 
USER	Users	START	1699431472201
REQUEST		Search	1699431472256	1699431472433	OK	 
REQUEST		Home	1699431472200	1699431472620	OK	 
REQUEST		Home Redirect 1	1699431472620	1699431472785	OK	 
REQUEST		Search	1699431472590	1699431472881	OK	 
REQUEST		Search	1699431472784	1699431472927	OK	 
USER	Users	START	1699431473193
REQUEST		Home	1699431473192	1699431473594	OK	 
REQUEST		Select	1699431473536	1699431473677	OK	 
REQUEST		Home Redirect 1	1699431473595	1699431473736	OK	 
REQUEST		Search	1699431473798	1699431473950	OK	 
REQUEST		Select	1699431473891	1699431474037	OK	 
REQUEST		Select	1699431473938	1699431474089	OK	 
USER	Users	START	1699431474188
REQUEST		Home	1699431474187	1699431474612	OK	 
REQUEST		Page 0	1699431474688	1699431475023	OK	 
REQUEST		Search	1699431474744	1699431475023	OK	 
USER	Users	START	1699431475191
USER	Admins	START	1699431475191
REQUEST		Home Redirect 1	1699431474612	1699431475336	OK	 
REQUEST		Page 0	1699431475052	1699431475336	OK	 
REQUEST		Select	1699431474960	1699431475336	OK	 
REQUEST		Page 0	1699431475099	1699431475336	OK	 
REQUEST		Home	1699431475190	1699431475615	OK	 
REQUEST		Home	1699431475191	1699431475615	OK	 
REQUEST		Home Redirect 1	1699431475615	1699431475753	OK	 
REQUEST		Select	1699431476028	1699431476159	OK	 
REQUEST		Page 1	1699431476029	1699431476166	OK	 
USER	Users	START	1699431476201
REQUEST		Home Redirect 1	1699431475615	1699431476206	OK	 
REQUEST		Page 1	1699431476352	1699431476484	OK	 
REQUEST		Page 0	1699431476352	1699431476491	OK	 
REQUEST		Page 1	1699431476352	1699431476492	OK	 
REQUEST		Search	1699431476352	1699431476491	OK	 
REQUEST		Home	1699431476200	1699431476600	OK	 
REQUEST		Home Redirect 1	1699431476601	1699431476739	OK	 
REQUEST		Search	1699431476756	1699431476885	OK	 
USER	Users	START	1699431477190
REQUEST		Page 0	1699431477174	1699431477310	OK	 
REQUEST		Page 2	1699431477174	1699431477310	OK	 
REQUEST		Search	1699431477220	1699431477365	OK	 
REQUEST		Home	1699431477189	1699431477581	OK	 
REQUEST		Page 1	1699431477497	1699431477638	OK	 
REQUEST		Page 2	1699431477497	1699431477638	OK	 
REQUEST		Page 2	1699431477497	1699431477638	OK	 
REQUEST		Select	1699431477497	1699431477638	OK	 
REQUEST		Home Redirect 1	1699431477581	1699431477718	OK	 
REQUEST		Search	1699431477746	1699431477878	OK	 
REQUEST		Select	1699431477899	1699431478027	OK	 
USER	Users	START	1699431478195
REQUEST		Page 3	1699431478319	1699431478456	OK	 
REQUEST		Page 1	1699431478319	1699431478456	OK	 
REQUEST		Select	1699431478379	1699431478513	OK	 
REQUEST		Home	1699431478194	1699431478616	OK	 
REQUEST		Home Redirect 1	1699431478617	1699431478754	OK	 
REQUEST		Page 2	1699431478642	1699431478785	OK	 
REQUEST		Page 0	1699431478642	1699431478785	OK	 
REQUEST		Page 3	1699431478642	1699431478785	OK	 
REQUEST		Page 3	1699431478642	1699431478785	OK	 
REQUEST		Search	1699431478721	1699431478848	OK	 
REQUEST		Select	1699431478889	1699431479020	OK	 
REQUEST		Page 0	1699431479043	1699431479173	OK	 
USER	Users	START	1699431479200
USER	Users	END	1699431479462
REQUEST		Home	1699431479199	1699431479591	OK	 
REQUEST		Page 2	1699431479460	1699431479592	OK	 
REQUEST		Page 0	1699431479521	1699431479656	OK	 
REQUEST		Home Redirect 1	1699431479592	1699431479725	OK	 
USER	Users	END	1699431479801
REQUEST		Search	1699431479769	1699431479907	OK	 
REQUEST		Form	1699431479800	1699431479931	OK	 
REQUEST		Page 3	1699431479800	1699431479935	OK	 
REQUEST		Page 1	1699431479800	1699431479936	OK	 
REQUEST		Select	1699431479861	1699431479994	OK	 
REQUEST		Page 1	1699431480185	1699431480449	OK	 
REQUEST		Page 0	1699431480031	1699431480579	OK	 
REQUEST		Page 3	1699431480604	1699431480734	OK	 
REQUEST		Page 1	1699431480666	1699431480810	OK	 
REQUEST		Search	1699431480729	1699431480856	OK	 
USER	Users	END	1699431480945
REQUEST		Select	1699431480914	1699431481078	OK	 
REQUEST		Page 2	1699431480944	1699431481089	OK	 
REQUEST		Post	1699431480947	1699431481085	OK	 
REQUEST		Page 0	1699431481006	1699431481167	OK	 
REQUEST		Post Redirect 1	1699431481100	1699431481232	KO	status.find.is(201), but actually found 200
REQUEST		Form	1699431481235	1699431481365	OK	 
REQUEST		Page 2	1699431481453	1699431481587	OK	 
REQUEST		Page 1	1699431481591	1699431481733	OK	 
USER	Users	END	1699431481745
REQUEST		Page 2	1699431481823	1699431481971	OK	 
REQUEST		Select	1699431481868	1699431481997	OK	 
REQUEST		Page 0	1699431482084	1699431482225	OK	 
REQUEST		Page 3	1699431482100	1699431482244	OK	 
REQUEST		Page 1	1699431482177	1699431482308	OK	 
REQUEST		Post	1699431482379	1699431482539	OK	 
REQUEST		Post Redirect 1	1699431482540	1699431482707	KO	status.find.is(201), but actually found 200
USER	Admins	END	1699431482712
REQUEST		Page 3	1699431482597	1699431482725	OK	 
REQUEST		Page 2	1699431482737	1699431482870	OK	 
REQUEST		Page 3	1699431482986	1699431483122	OK	 
REQUEST		Page 0	1699431483001	1699431483129	OK	 
USER	Users	END	1699431483247
REQUEST		Page 1	1699431483232	1699431483371	OK	 
REQUEST		Page 2	1699431483325	1699431483454	OK	 
REQUEST		Form	1699431483742	1699431483870	OK	 
REQUEST		Page 3	1699431483881	1699431484015	OK	 
USER	Users	END	1699431484131
REQUEST		Page 1	1699431484146	1699431484273	OK	 
REQUEST		Page 2	1699431484378	1699431484516	OK	 
REQUEST		Page 3	1699431484471	1699431484601	OK	 
REQUEST		Post	1699431484873	1699431485009	OK	 
USER	Users	END	1699431485030
REQUEST		Post Redirect 1	1699431485010	1699431485140	KO	status.find.is(201), but actually found 200
REQUEST		Form	1699431485140	1699431485275	OK	 
REQUEST		Page 2	1699431485278	1699431485406	OK	 
USER	Users	END	1699431485603
REQUEST		Page 3	1699431485526	1699431485673	OK	 
REQUEST		Post	1699431486286	1699431486417	OK	 
REQUEST		Page 3	1699431486411	1699431486548	OK	 
REQUEST		Post Redirect 1	1699431486418	1699431486566	KO	status.find.is(201), but actually found 200
USER	Admins	END	1699431486568
USER	Users	END	1699431486675
USER	Users	END	1699431487559
