RUN	computerdatabase.ComputerDatabaseSimulation	computerdatabasesimulation	1699373605468	 	3.9.0
USER	Admins	START	1699373606523
USER	Users	START	1699373606523
REQUEST		Home	1699373606516	1699373607216	OK	 
USER	Users	START	1699373607505
REQUEST		Home	1699373606516	1699373607778	OK	 
REQUEST		Home Redirect 1	1699373607778	1699373608017	OK	 
REQUEST		Home Redirect 1	1699373607221	1699373608253	OK	 
USER	Users	START	1699373608509
REQUEST		Search	1699373609039	1699373609393	OK	 
USER	Users	START	1699373609497
REQUEST		Search	1699373609267	1699373609550	OK	 
REQUEST		Home	1699373608508	1699373609563	OK	 
REQUEST		Home Redirect 1	1699373609563	1699373610371	OK	 
REQUEST		Home	1699373609496	1699373610413	OK	 
USER	Users	START	1699373610501
REQUEST		Select	1699373610469	1699373610728	OK	 
REQUEST		Select	1699373610561	1699373610871	OK	 
REQUEST		Home Redirect 1	1699373610413	1699373611016	OK	 
USER	Admins	START	1699373611508
USER	Users	START	1699373611508
REQUEST		Home	1699373610500	1699373611670	OK	 
REQUEST		Page 0	1699373611736	1699373612015	OK	 
REQUEST		Page 0	1699373611888	1699373612137	OK	 
REQUEST		Home	1699373611507	1699373612277	OK	 
REQUEST		Home	1699373611507	1699373612277	OK	 
REQUEST		Search	1699373612026	1699373612278	OK	 
REQUEST		Home	1699373607504	1699373612294	OK	 
REQUEST		Home Redirect 1	1699373611671	1699373612322	OK	 
USER	Users	START	1699373612508
REQUEST		Home Redirect 1	1699373612277	1699373612777	OK	 
REQUEST		Home Redirect 1	1699373612294	1699373612809	OK	 
REQUEST		Home Redirect 1	1699373612277	1699373613229	OK	 
REQUEST		Search	1699373611381	1699373613283	OK	 
USER	Users	START	1699373613499
REQUEST		Page 1	1699373613141	1699373613796	OK	 
REQUEST		Select	1699373613295	1699373614084	OK	 
REQUEST		Search	1699373613327	1699373614084	OK	 
USER	Users	START	1699373614502
REQUEST		Search	1699373613791	1699373614770	OK	 
REQUEST		Search	1699373613821	1699373614798	OK	 
REQUEST		Page 1	1699373613034	1699373614975	OK	 
REQUEST		Search	1699373614238	1699373615023	OK	 
REQUEST		Select	1699373614300	1699373615096	OK	 
REQUEST		Page 2	1699373614808	1699373615470	OK	 
USER	Users	START	1699373615507
REQUEST		Page 0	1699373615088	1699373615842	OK	 
REQUEST		Home	1699373612507	1699373616006	OK	 
REQUEST		Select	1699373615781	1699373616862	OK	 
REQUEST		Select	1699373615812	1699373616953	OK	 
REQUEST		Select	1699373615088	1699373616987	OK	 
REQUEST		Page 2	1699373615983	1699373617029	OK	 
REQUEST		Home Redirect 1	1699373616006	1699373617104	OK	 
REQUEST		Home	1699373614501	1699373617194	OK	 
REQUEST		Home	1699373613498	1699373617237	OK	 
REQUEST		Page 3	1699373616482	1699373617498	OK	 
REQUEST		Page 1	1699373616850	1699373617595	OK	 
REQUEST		Select	1699373616029	1699373617602	OK	 
REQUEST		Home Redirect 1	1699373617194	1699373617769	OK	 
REQUEST		Page 0	1699373616107	1699373618022	OK	 
REQUEST		Page 0	1699373617875	1699373618389	OK	 
REQUEST		Home	1699373615507	1699373618502	OK	 
USER	Users	END	1699373618513
REQUEST		Page 3	1699373618032	1699373618585	OK	 
REQUEST		Search	1699373618110	1699373618715	OK	 
REQUEST		Home Redirect 1	1699373618502	1699373619330	OK	 
REQUEST		Page 2	1699373618604	1699373619490	OK	 
REQUEST		Search	1699373618773	1699373619563	OK	 
REQUEST		Page 1	1699373619034	1699373619609	OK	 
REQUEST		Page 1	1699373619404	1699373619860	OK	 
REQUEST		Page 0	1699373617970	1699373619999	OK	 
REQUEST		Home Redirect 1	1699373617237	1699373620124	OK	 
REQUEST		Form	1699373619590	1699373620234	OK	 
REQUEST		Select	1699373619728	1699373620273	OK	 
REQUEST		Page 3	1699373620497	1699373621259	OK	 
REQUEST		Page 0	1699373618000	1699373621272	OK	 
REQUEST		Page 2	1699373620620	1699373621440	OK	 
REQUEST		Page 2	1699373620868	1699373621724	OK	 
REQUEST		Page 0	1699373618604	1699373621756	OK	 
REQUEST		Page 1	1699373621009	1699373621819	OK	 
REQUEST		Search	1699373620344	1699373621838	OK	 
REQUEST		Post	1699373621246	1699373621908	OK	 
REQUEST		Page 0	1699373621288	1699373621922	OK	 
REQUEST		Select	1699373620574	1699373622109	OK	 
USER	Users	END	1699373622261
REQUEST		Post Redirect 1	1699373621916	1699373622448	OK	 
USER	Admins	END	1699373622452
REQUEST		Page 3	1699373622446	1699373625991	OK	 
REQUEST		Page 0	1699373623122	1699373626418	OK	 
REQUEST		Select	1699373622845	1699373626418	OK	 
REQUEST		Page 1	1699373622937	1699373626425	OK	 
REQUEST		Page 1	1699373622769	1699373626429	OK	 
REQUEST		Page 3	1699373622738	1699373626477	OK	 
REQUEST		Page 1	1699373622275	1699373626494	OK	 
REQUEST		Search	1699373621133	1699373626496	OK	 
REQUEST		Page 2	1699373622830	1699373626598	OK	 
USER	Users	END	1699373626999
REQUEST		Page 0	1699373627432	1699373628463	OK	 
REQUEST		Form	1699373627479	1699373628936	OK	 
REQUEST		Select	1699373627510	1699373629234	OK	 
REQUEST		Page 3	1699373627603	1699373629325	OK	 
REQUEST		Page 2	1699373627432	1699373629340	OK	 
REQUEST		Page 2	1699373627432	1699373629420	OK	 
USER	Users	END	1699373630338
REQUEST		Page 1	1699373629470	1699373631012	OK	 
REQUEST		Page 2	1699373627510	1699373631466	OK	 
REQUEST		Page 0	1699373630246	1699373631816	OK	 
REQUEST		Page 1	1699373627432	1699373631894	OK	 
REQUEST		Page 3	1699373630431	1699373632924	OK	 
REQUEST		Page 2	1699373632027	1699373632925	OK	 
REQUEST		Page 1	1699373632820	1699373633886	OK	 
USER	Users	END	1699373633935
REQUEST		Page 2	1699373632897	1699373633992	OK	 
REQUEST		Page 3	1699373632478	1699373634482	OK	 
REQUEST		Post	1699373629937	1699373635352	OK	 
USER	Users	END	1699373635499
REQUEST		Page 3	1699373633934	1699373635793	OK	 
REQUEST		Page 2	1699373634894	1699373635880	OK	 
REQUEST		Page 3	1699373635000	1699373636051	OK	 
REQUEST		Page 3	1699373630353	1699373636306	OK	 
USER	Users	END	1699373636797
USER	Users	END	1699373637061
REQUEST		Post Redirect 1	1699373635352	1699373637117	OK	 
USER	Admins	END	1699373637119
USER	Users	END	1699373637322
REQUEST		Page 3	1699373636890	1699373637617	OK	 
USER	Users	END	1699373638625
