RUN	computerdatabase.ComputerDatabaseSimulation	computerdatabasesimulation	1699446743439	 	3.9.0
USER	Admins	START	1699446745037
USER	Users	START	1699446745037
REQUEST		Home	1699446745029	1699446745818	OK	 
REQUEST		Home	1699446745029	1699446745818	OK	 
USER	Users	START	1699446746007
REQUEST		Home Redirect 1	1699446745823	1699446746375	OK	 
REQUEST		Home Redirect 1	1699446745823	1699446746375	OK	 
USER	Users	START	1699446747007
REQUEST		Search	1699446747399	1699446747696	OK	 
REQUEST		Search	1699446747399	1699446747696	OK	 
REQUEST		Home	1699446747007	1699446747980	OK	 
USER	Users	START	1699446748009
REQUEST		Home	1699446746005	1699446748311	OK	 
REQUEST		Home Redirect 1	1699446747980	1699446748361	OK	 
USER	Users	START	1699446749019
REQUEST		Home Redirect 1	1699446748311	1699446749109	OK	 
REQUEST		Select	1699446748767	1699446749124	OK	 
REQUEST		Search	1699446749366	1699446749528	OK	 
REQUEST		Home	1699446748009	1699446749668	OK	 
USER	Admins	START	1699446750017
USER	Users	START	1699446750017
REQUEST		Page 0	1699446750141	1699446750331	OK	 
REQUEST		Search	1699446750124	1699446750577	OK	 
REQUEST		Home	1699446749017	1699446750606	OK	 
REQUEST		Home	1699446750015	1699446750606	OK	 
REQUEST		Home	1699446750015	1699446750606	OK	 
REQUEST		Select	1699446748767	1699446750708	OK	 
REQUEST		Home Redirect 1	1699446749668	1699446750722	OK	 
REQUEST		Home Redirect 1	1699446750606	1699446750973	OK	 
REQUEST		Home Redirect 1	1699446750606	1699446750974	OK	 
REQUEST		Home Redirect 1	1699446750606	1699446750974	OK	 
USER	Users	START	1699446751005
REQUEST		Page 1	1699446751348	1699446751592	OK	 
REQUEST		Select	1699446750543	1699446751751	OK	 
REQUEST		Search	1699446751732	1699446751911	OK	 
USER	Users	START	1699446752011
REQUEST		Select	1699446751594	1699446752085	OK	 
REQUEST		Page 0	1699446751717	1699446752145	OK	 
REQUEST		Search	1699446751978	1699446752171	OK	 
REQUEST		Search	1699446751978	1699446752171	OK	 
REQUEST		Search	1699446751978	1699446752171	OK	 
REQUEST		Home	1699446752010	1699446752840	OK	 
REQUEST		Page 2	1699446752596	1699446752919	OK	 
USER	Users	START	1699446753016
REQUEST		Page 0	1699446752765	1699446753017	OK	 
REQUEST		Home Redirect 1	1699446752840	1699446753117	OK	 
REQUEST		Home	1699446751004	1699446753124	OK	 
REQUEST		Select	1699446752918	1699446753158	OK	 
REQUEST		Page 0	1699446753089	1699446753363	OK	 
REQUEST		Home Redirect 1	1699446753125	1699446753388	OK	 
REQUEST		Page 1	1699446753150	1699446753402	OK	 
REQUEST		Select	1699446753181	1699446753548	OK	 
REQUEST		Select	1699446753181	1699446753548	OK	 
REQUEST		Select	1699446753181	1699446753845	OK	 
REQUEST		Home	1699446753015	1699446753913	OK	 
USER	Users	START	1699446754015
REQUEST		Page 3	1699446753921	1699446754142	OK	 
REQUEST		Home Redirect 1	1699446753914	1699446754143	OK	 
REQUEST		Search	1699446754123	1699446754334	OK	 
REQUEST		Page 0	1699446754169	1699446754367	OK	 
REQUEST		Page 2	1699446754415	1699446754777	OK	 
REQUEST		Page 0	1699446754553	1699446754856	OK	 
REQUEST		Page 0	1699446754553	1699446754867	OK	 
REQUEST		Home	1699446754015	1699446755145	OK	 
REQUEST		Page 1	1699446754369	1699446755145	OK	 
USER	Users	END	1699446755157
REQUEST		Select	1699446755342	1699446768600	OK	 
REQUEST		Search	1699446755156	1699446769139	OK	 
REQUEST		Home Redirect 1	1699446755145	1699446769677	OK	 
REQUEST		Page 0	1699446769613	1699446769768	OK	 
REQUEST		Select	1699446770153	1699446770310	OK	 
REQUEST		Page 1	1699446755873	1699446770465	OK	 
REQUEST		Page 1	1699446755873	1699446770639	OK	 
REQUEST		Page 3	1699446755779	1699446770703	OK	 
REQUEST		Search	1699446770693	1699446770837	OK	 
REQUEST		Page 1	1699446770779	1699446770940	OK	 
REQUEST		Page 1	1699446755373	1699446771410	OK	 
REQUEST		Page 0	1699446771314	1699446771467	OK	 
REQUEST		Page 2	1699446771472	1699446771624	OK	 
REQUEST		Page 2	1699446771643	1699446771784	OK	 
REQUEST		Select	1699446771842	1699446771983	OK	 
REQUEST		Page 2	1699446771952	1699446772286	OK	 
REQUEST		Page 2	1699446756154	1699446772454	OK	 
REQUEST		Page 2	1699446772416	1699446772565	OK	 
REQUEST		Form	1699446771720	1699446772581	OK	 
REQUEST		Page 3	1699446772633	1699446772778	OK	 
REQUEST		Page 3	1699446772785	1699446773037	OK	 
REQUEST		Page 0	1699446773000	1699446773197	OK	 
REQUEST		Page 3	1699446773295	1699446773499	OK	 
REQUEST		Page 3	1699446773572	1699446773751	OK	 
REQUEST		Post	1699446773593	1699446773762	OK	 
REQUEST		Page 3	1699446773464	1699446773799	OK	 
REQUEST		Form	1699446773789	1699446773935	OK	 
REQUEST		Page 1	1699446772477	1699446773995	OK	 
USER	Users	END	1699446774051
REQUEST		Post Redirect 1	1699446773774	1699446774118	KO	status.find.is(201), but actually found 200
REQUEST		Page 1	1699446774206	1699446774451	OK	 
USER	Users	END	1699446774516
USER	Users	END	1699446774763
USER	Users	END	1699446774810
REQUEST		Form	1699446774121	1699446775268	OK	 
REQUEST		Page 1	1699446754030	1699446775899	OK	 
REQUEST		Post	1699446774948	1699446775899	OK	 
REQUEST		Page 2	1699446775008	1699446776072	OK	 
REQUEST		Page 2	1699446775461	1699446776073	OK	 
REQUEST		Post Redirect 1	1699446775900	1699446776259	OK	 
USER	Admins	END	1699446776261
REQUEST		Page 0	1699446754848	1699446776805	OK	 
REQUEST		Post	1699446776282	1699446776885	OK	 
REQUEST		Page 2	1699446776911	1699446777764	OK	 
REQUEST		Post Redirect 1	1699446776885	1699446777764	OK	 
USER	Admins	END	1699446777765
REQUEST		Search	1699446754400	1699446778238	OK	 
REQUEST		Page 1	1699446777811	1699446778304	OK	 
REQUEST		Page 3	1699446777082	1699446778474	OK	 
REQUEST		Page 3	1699446778774	1699446779022	OK	 
REQUEST		Page 3	1699446777082	1699446779262	OK	 
USER	Users	END	1699446779485
REQUEST		Page 2	1699446779314	1699446779536	OK	 
REQUEST		Select	1699446779253	1699446780022	OK	 
USER	Users	END	1699446780025
USER	Users	END	1699446780272
REQUEST		Page 3	1699446780548	1699446780771	OK	 
REQUEST		Page 0	1699446781026	1699446781717	OK	 
USER	Users	END	1699446781785
REQUEST		Page 1	1699446782732	1699446784018	OK	 
REQUEST		Page 2	1699446785031	1699446785605	OK	 
REQUEST		Page 3	1699446786610	1699446788081	OK	 
USER	Users	END	1699446789089
